<?xml version="1.0" encoding="UTF-8" ?>
<testsuite errors="0" failures="0" hostname="wireless-10-146-93-195.public.utexas.edu" name="pitexample.MyClassTest" skipped="0" tests="2" time="0.165" timestamp="2016-11-19T23:08:16">
  <properties>
    <property name="java.vendor" value="Oracle Corporation" />
    <property name="jarfile" value="pit-example-0.1.jar" />
    <property name="sun.java.launcher" value="SUN_STANDARD" />
    <property name="sun.management.compiler" value="HotSpot 64-Bit Tiered Compilers" />
    <property name="lib" value="/Users/ahmad/git/pit_study/pit-example/lib" />
    <property name="os.name" value="Mac OS X" />
    <property name="sun.boot.class.path" value="/Library/Java/JavaVirtualMachines/jdk1.8.0_65.jdk/Contents/Home/jre/lib/resources.jar:/Library/Java/JavaVirtualMachines/jdk1.8.0_65.jdk/Contents/Home/jre/lib/rt.jar:/Library/Java/JavaVirtualMachines/jdk1.8.0_65.jdk/Contents/Home/jre/lib/sunrsasign.jar:/Library/Java/JavaVirtualMachines/jdk1.8.0_65.jdk/Contents/Home/jre/lib/jsse.jar:/Library/Java/JavaVirtualMachines/jdk1.8.0_65.jdk/Contents/Home/jre/lib/jce.jar:/Library/Java/JavaVirtualMachines/jdk1.8.0_65.jdk/Contents/Home/jre/lib/charsets.jar:/Library/Java/JavaVirtualMachines/jdk1.8.0_65.jdk/Contents/Home/jre/lib/jfr.jar:/Library/Java/JavaVirtualMachines/jdk1.8.0_65.jdk/Contents/Home/jre/classes" />
    <property name="test-classes" value="/Users/ahmad/git/pit_study/pit-example/target/test-classes" />
    <property name="TODAY" value="November 19 2016" />
    <property name="java.vm.specification.vendor" value="Oracle Corporation" />
    <property name="ant.home" value="/usr/local/Cellar/ant/1.9.7/libexec" />
    <property name="java.runtime.version" value="1.8.0_65-b17" />
    <property name="user.name" value="root" />
    <property name="reports" value="/Users/ahmad/git/pit_study/pit-example/reports" />
    <property name="user.language" value="en" />
    <property name="sun.boot.library.path" value="/Library/Java/JavaVirtualMachines/jdk1.8.0_65.jdk/Contents/Home/jre/lib" />
    <property name="pit-reports" value="/Users/ahmad/git/pit_study/pit-example/target/pit-reports" />
    <property name="ant.project.default-target" value="jar" />
    <property name="ant.project.name" value="PITExample" />
    <property name="DSTAMP" value="20161119" />
    <property name="java.version" value="1.8.0_65" />
    <property name="classes" value="/Users/ahmad/git/pit_study/pit-example/target/classes" />
    <property name="version" value="0.1" />
    <property name="user.timezone" value="" />
    <property name="sun.arch.data.model" value="64" />
    <property name="http.nonProxyHosts" value="local|*.local|169.254/16|*.169.254/16" />
    <property name="java.endorsed.dirs" value="/Library/Java/JavaVirtualMachines/jdk1.8.0_65.jdk/Contents/Home/jre/lib/endorsed" />
    <property name="sun.cpu.isalist" value="" />
    <property name="sun.jnu.encoding" value="UTF-8" />
    <property name="file.encoding.pkg" value="sun.io" />
    <property name="file.separator" value="/" />
    <property name="java.specification.name" value="Java Platform API Specification" />
    <property name="java.class.version" value="52.0" />
    <property name="user.country" value="US" />
    <property name="java.home" value="/Library/Java/JavaVirtualMachines/jdk1.8.0_65.jdk/Contents/Home/jre" />
    <property name="java.vm.info" value="mixed mode" />
    <property name="ant.file" value="/Users/ahmad/git/pit_study/pit-example/build.xml" />
    <property name="os.version" value="10.12.1" />
    <property name="path.separator" value=":" />
    <property name="java.vm.version" value="25.65-b01" />
    <property name="ant.library.dir" value="/usr/local/Cellar/ant/1.9.7/libexec/lib" />
    <property name="java.awt.printerjob" value="sun.lwawt.macosx.CPrinterJob" />
    <property name="sun.io.unicode.encoding" value="UnicodeBig" />
    <property name="src-main" value="/Users/ahmad/git/pit_study/pit-example/src/main/java" />
    <property name="awt.toolkit" value="sun.lwawt.macosx.LWCToolkit" />
    <property name="socksNonProxyHosts" value="local|*.local|169.254/16|*.169.254/16" />
    <property name="ftp.nonProxyHosts" value="local|*.local|169.254/16|*.169.254/16" />
    <property name="ant.file.PITExample" value="/Users/ahmad/git/pit_study/pit-example/build.xml" />
    <property name="user.home" value="/var/root" />
    <property name="target" value="/Users/ahmad/git/pit_study/pit-example/target" />
    <property name="java.specification.vendor" value="Oracle Corporation" />
    <property name="ant.file.type.PITExample" value="file" />
    <property name="java.library.path" value="/Users/ahmad/Library/Java/Extensions:/Library/Java/Extensions:/Network/Library/Java/Extensions:/System/Library/Java/Extensions:/usr/lib/java:." />
    <property name="java.vendor.url" value="http://java.oracle.com/" />
    <property name="java.vm.vendor" value="Oracle Corporation" />
    <property name="gopherProxySet" value="false" />
    <property name="java.runtime.name" value="Java(TM) SE Runtime Environment" />
    <property name="sun.java.command" value="org.apache.tools.ant.taskdefs.optional.junit.JUnitTestRunner pitexample.MyClassTest skipNonTests=false filtertrace=true haltOnError=false haltOnFailure=true formatter=org.apache.tools.ant.taskdefs.optional.junit.SummaryJUnitResultFormatter showoutput=true outputtoformatters=true logfailedtests=true threadid=0 logtestlistenerevents=false formatter=org.apache.tools.ant.taskdefs.optional.junit.XMLJUnitResultFormatter,/Users/ahmad/git/pit_study/pit-example/reports/raw/TEST-pitexample.MyClassTest.xml crashfile=/Users/ahmad/git/pit_study/pit-example/junitvmwatcher202673543070951766.properties propsfile=/Users/ahmad/git/pit_study/pit-example/junit3957618775666464595.properties" />
    <property name="java.class.path" value="/Users/ahmad/git/pit_study/pit-example/target/classes:/Users/ahmad/git/pit_study/pit-example/target/test-classes:/Users/ahmad/git/pit_study/pit-example/lib/junit-4.10.jar:/Users/ahmad/git/pit_study/pit-example/lib/pitest-1.1.10.jar:/Users/ahmad/git/pit_study/pit-example/lib/pitest-1.1.11-SNAPSHOT.jar:/Users/ahmad/git/pit_study/pit-example/lib/pitest-command-line-1.1.10.jar:/Users/ahmad/git/pit_study/pit-example/lib/pitest-command-line-1.1.11-SNAPSHOT.jar:/usr/local/Cellar/ant/1.9.7/libexec/lib/ant-launcher.jar:/usr/local/Cellar/ant/1.9.7/libexec/lib/ant.jar:/usr/local/Cellar/ant/1.9.7/libexec/lib/ant-junit.jar:/usr/local/Cellar/ant/1.9.7/libexec/lib/ant-junit4.jar" />
    <property name="ant.version" value="Apache Ant(TM) version 1.9.7 compiled on April 9 2016" />
    <property name="TSTAMP" value="1708" />
    <property name="java.vm.specification.name" value="Java Virtual Machine Specification" />
    <property name="ant.file.type" value="file" />
    <property name="java.vm.specification.version" value="1.8" />
    <property name="sun.cpu.endian" value="little" />
    <property name="sun.os.patch.level" value="unknown" />
    <property name="java.io.tmpdir" value="/var/folders/zz/zyxvpxvq6csfxvn_n0000000000000/T/" />
    <property name="java.vendor.url.bug" value="http://bugreport.sun.com/bugreport/" />
    <property name="os.arch" value="x86_64" />
    <property name="java.awt.graphicsenv" value="sun.awt.CGraphicsEnvironment" />
    <property name="java.ext.dirs" value="/Users/ahmad/Library/Java/Extensions:/Library/Java/JavaVirtualMachines/jdk1.8.0_65.jdk/Contents/Home/jre/lib/ext:/Library/Java/Extensions:/Network/Library/Java/Extensions:/System/Library/Java/Extensions:/usr/lib/java" />
    <property name="user.dir" value="/Users/ahmad/git/pit_study/pit-example" />
    <property name="project" value="pit-example" />
    <property name="line.separator" value="&#xa;" />
    <property name="java.vm.name" value="Java HotSpot(TM) 64-Bit Server VM" />
    <property name="basedir" value="/Users/ahmad/git/pit_study/pit-example" />
    <property name="ant.java.version" value="1.8" />
    <property name="ant.core.lib" value="/usr/local/Cellar/ant/1.9.7/libexec/lib/ant.jar" />
    <property name="file.encoding" value="UTF-8" />
    <property name="src-test" value="/Users/ahmad/git/pit_study/pit-example/src/test/java" />
    <property name="java.specification.version" value="1.8" />
    <property name="ant.project.invoked-targets" value="test" />
  </properties>
  <testcase classname="pitexample.MyClassTest" name="testMe1" time="0.001" />
  <testcase classname="pitexample.MyClassTest" name="testMe2" time="0.0" />
  <system-out><![CDATA[]]></system-out>
  <system-err><![CDATA[]]></system-err>
</testsuite>
